<?xml version="1.0" encoding="UTF-8"?>
<!-- Generated by org.testng.reporters.JUnitReportReporter -->
<testsuite hostname="Prakash" failures="0" tests="3" name="com.org.selenium.mavendemo.testdemo" time="0.039" errors="0" timestamp="30 Apr 2020 10:09:01 GMT">
  <testcase classname="com.org.selenium.mavendemo.testdemo" name="test4" time="0.013"/>
  <testcase classname="com.org.selenium.mavendemo.testdemo" name="test1" time="0.011"/>
  <testcase classname="com.org.selenium.mavendemo.testdemo" name="test2" time="0.015"/>
</testsuite> <!-- com.org.selenium.mavendemo.testdemo -->
